<?xml version="1.0" encoding="UTF-8"?>
<testsuite name="TestV1" tests="1" skipped="0" failures="0" errors="0" timestamp="2023-01-09T14:23:18" hostname="BOR_HOME" time="3.011">
  <properties/>
  <testcase name="shouldReturnTextString()" classname="TestV1" time="3.011"/>
  <system-out><![CDATA[]]></system-out>
  <system-err><![CDATA[]]></system-err>
</testsuite>
